<?xml version="1.0" encoding="UTF-8"?>
<!-- Generated by org.testng.reporters.JUnitReportReporter -->
<testsuite hostname="mohits-MacBook-Pro.local" name="com.testNg.SoftAssertTryial" tests="1" failures="0" timestamp="2 May 2017 11:50:49 GMT" time="0.001" errors="0">
  <testcase name="trySoftAssert1" time="0.001" classname="com.testNg.SoftAssertTryial"/>
</testsuite> <!-- com.testNg.SoftAssertTryial -->
