<?xml version="1.0" encoding="UTF-8"?>
<!-- Generated by org.testng.reporters.JUnitReportReporter -->
<testsuite hostname="mohits-MacBook-Pro.local" name="com.testNg.ArrayAssert" tests="1" failures="0" timestamp="2 May 2017 11:52:21 GMT" time="0.008" errors="0">
  <testcase name="f1" time="0.008" classname="com.testNg.ArrayAssert"/>
</testsuite> <!-- com.testNg.ArrayAssert -->
